Calling Oject Manager Constructor
Pressing Bullet
Creating Bullet
Initialise bullet
Updating bullet
Rendering bullet
Pressing Bullet
Creating Bullet
Initialise bullet
Updating bullet
Updating bullet
Rendering bullet
Rendering bullet
Pressing Bullet
Creating Bullet
Initialise bullet
Updating bullet
Updating bullet
Updating bullet
Rendering bullet
Rendering bullet
Rendering bullet
Pressing Bullet
Creating Bullet
Initialise bullet
Updating bullet
Updating bullet
Updating bullet
Updating bullet
Rendering bullet
Rendering bullet
Rendering bullet
Rendering bullet
Pressing Bullet
Creating Bullet
Initialise bullet
Updating bullet
Updating bullet
Updating bullet
Updating bullet
Updating bullet
Rendering bullet
Rendering bullet
Rendering bullet
Rendering bullet
Rendering bullet
Pressing Bullet
Creating Bullet
Initialise bullet
Updating bullet

ErrorLogger limit reached. Who taught you to progam?